                  :-) GROMACS - gmx mdrun, 2020.4-MODIFIED (-:

                            GROMACS is written by:
     Emile Apol      Rossen Apostolov      Paul Bauer     Herman J.C. Berendsen
    Par Bjelkmar      Christian Blau   Viacheslav Bolnykh     Kevin Boyd    
 Aldert van Buuren   Rudi van Drunen     Anton Feenstra       Alan Gray     
  Gerrit Groenhof     Anca Hamuraru    Vincent Hindriksen  M. Eric Irrgang  
  Aleksei Iupinov   Christoph Junghans     Joe Jordan     Dimitrios Karkoulis
    Peter Kasson        Jiri Kraus      Carsten Kutzner      Per Larsson    
  Justin A. Lemkul    Viveca Lindahl    Magnus Lundborg     Erik Marklund   
    Pascal Merz     Pieter Meulenhoff    Teemu Murtola       Szilard Pall   
    Sander Pronk      Roland Schulz      Michael Shirts    Alexey Shvetsov  
   Alfons Sijbers     Peter Tieleman      Jon Vincent      Teemu Virolainen 
 Christian Wennberg    Maarten Wolf      Artem Zhmurov   
                           and the project leaders:
        Mark Abraham, Berk Hess, Erik Lindahl, and David van der Spoel

Copyright (c) 1991-2000, University of Groningen, The Netherlands.
Copyright (c) 2001-2019, The GROMACS development team at
Uppsala University, Stockholm University and
the Royal Institute of Technology, Sweden.
check out http://www.gromacs.org for more information.

GROMACS is free software; you can redistribute it and/or modify it
under the terms of the GNU Lesser General Public License
as published by the Free Software Foundation; either version 2.1
of the License, or (at your option) any later version.

GROMACS:      gmx mdrun, version 2020.4-MODIFIED
Executable:   /share/apps/gromacs-plumed/2020.4/openmpi/intel/bin/gmx_mpi
Data prefix:  /share/apps/gromacs-plumed/2020.4/openmpi/intel
Working dir:  /home/yk3019/comp-lab-class-2023/Week4/2jof_amber/gromacs
Process ID:   790475
Command line:
  gmx_mpi mdrun -v -deffnm step4.0_minimization

GROMACS version:    2020.4-MODIFIED
This program has been built from source code that has been altered and does not match the code released as part of the official GROMACS version 2020.4-MODIFIED. If you did not intend to use an altered GROMACS version, make sure to download an intact source distribution and compile that before proceeding.
If you have modified the source code, you are strongly encouraged to set your custom version suffix (using -DGMX_VERSION_STRING_OF_FORK) which will can help later with scientific reproducibility but also when reporting bugs.
Release checksum: 79c2857291b034542c26e90512b92fd4b184a1c9d6fa59c55f2e24ccf14e7281
Computed checksum: 71730c3e53f008bf8a6c6ee90f305b5807e001d8824f2de8ace37d9da6377c65
Precision:          single
Memory model:       64 bit
MPI library:        MPI
OpenMP support:     disabled
GPU support:        disabled
SIMD instructions:  AVX_512
FFT library:        Intel MKL
RDTSCP usage:       enabled
TNG support:        enabled
Hwloc support:      hwloc-1.11.6
Tracing support:    disabled
C compiler:         /share/apps/openmpi/4.0.5/intel/bin/mpicc Intel 19.1.2.20200623
C compiler flags:   -xCORE-AVX512 -qopt-zmm-usage=high -mkl=sequential -wd3180 -std=gnu99 -ip -funroll-all-loops -alias-const -ansi-alias -no-prec-div -fimf-domain-exclusion=14 -qoverride-limits -O3 -DNDEBUG
C++ compiler:       /share/apps/openmpi/4.0.5/intel/bin/mpicxx Intel 19.1.2.20200623
C++ compiler flags: -xCORE-AVX512 -qopt-zmm-usage=high -mkl=sequential -wd3180 -ip -funroll-all-loops -alias-const -ansi-alias -no-prec-div -fimf-domain-exclusion=14 -qoverride-limits -O3 -DNDEBUG


Running on 32 nodes with total 1254 cores, 1254 logical cores
  Cores per node:            1 - 48
  Logical cores per node:    1 - 48
Hardware detected on host cs259.hpc.nyu.edu (the node of MPI rank 0):
  CPU info:
    Vendor: Intel
    Brand:  Intel(R) Xeon(R) Platinum 8268 CPU @ 2.90GHz
    Family: 6   Model: 85   Stepping: 7
    Features: aes apic avx avx2 avx512f avx512cd avx512bw avx512vl clfsh cmov cx8 cx16 f16c fma htt intel lahf mmx msr nonstop_tsc pcid pclmuldq pdcm pdpe1gb popcnt pse rdrnd rdtscp sse2 sse3 sse4.1 sse4.2 ssse3 tdt x2apic
    Number of AVX-512 FMA units: 2
  Hardware topology: Only logical processor count


++++ PLEASE READ AND CITE THE FOLLOWING REFERENCE ++++
M. J. Abraham, T. Murtola, R. Schulz, S. Páll, J. C. Smith, B. Hess, E.
Lindahl
GROMACS: High performance molecular simulations through multi-level
parallelism from laptops to supercomputers
SoftwareX 1 (2015) pp. 19-25
-------- -------- --- Thank You --- -------- --------


++++ PLEASE READ AND CITE THE FOLLOWING REFERENCE ++++
S. Páll, M. J. Abraham, C. Kutzner, B. Hess, E. Lindahl
Tackling Exascale Software Challenges in Molecular Dynamics Simulations with
GROMACS
In S. Markidis & E. Laure (Eds.), Solving Software Challenges for Exascale 8759 (2015) pp. 3-27
-------- -------- --- Thank You --- -------- --------


++++ PLEASE READ AND CITE THE FOLLOWING REFERENCE ++++
S. Pronk, S. Páll, R. Schulz, P. Larsson, P. Bjelkmar, R. Apostolov, M. R.
Shirts, J. C. Smith, P. M. Kasson, D. van der Spoel, B. Hess, and E. Lindahl
GROMACS 4.5: a high-throughput and highly parallel open source molecular
simulation toolkit
Bioinformatics 29 (2013) pp. 845-54
-------- -------- --- Thank You --- -------- --------


++++ PLEASE READ AND CITE THE FOLLOWING REFERENCE ++++
B. Hess and C. Kutzner and D. van der Spoel and E. Lindahl
GROMACS 4: Algorithms for highly efficient, load-balanced, and scalable
molecular simulation
J. Chem. Theory Comput. 4 (2008) pp. 435-447
-------- -------- --- Thank You --- -------- --------


++++ PLEASE READ AND CITE THE FOLLOWING REFERENCE ++++
D. van der Spoel, E. Lindahl, B. Hess, G. Groenhof, A. E. Mark and H. J. C.
Berendsen
GROMACS: Fast, Flexible and Free
J. Comp. Chem. 26 (2005) pp. 1701-1719
-------- -------- --- Thank You --- -------- --------


++++ PLEASE READ AND CITE THE FOLLOWING REFERENCE ++++
E. Lindahl and B. Hess and D. van der Spoel
GROMACS 3.0: A package for molecular simulation and trajectory analysis
J. Mol. Mod. 7 (2001) pp. 306-317
-------- -------- --- Thank You --- -------- --------


++++ PLEASE READ AND CITE THE FOLLOWING REFERENCE ++++
H. J. C. Berendsen, D. van der Spoel and R. van Drunen
GROMACS: A message-passing parallel molecular dynamics implementation
Comp. Phys. Comm. 91 (1995) pp. 43-56
-------- -------- --- Thank You --- -------- --------


++++ PLEASE CITE THE DOI FOR THIS VERSION OF GROMACS ++++
https://doi.org/10.5281/zenodo.4054979
-------- -------- --- Thank You --- -------- --------

Input Parameters:
   integrator                     = steep
   tinit                          = 0
   dt                             = 0.001
   nsteps                         = 5000
   init-step                      = 0
   simulation-part                = 1
   comm-mode                      = Linear
   nstcomm                        = 100
   bd-fric                        = 0
   ld-seed                        = -995199026
   emtol                          = 1000
   emstep                         = 0.01
   niter                          = 20
   fcstep                         = 0
   nstcgsteep                     = 1000
   nbfgscorr                      = 10
   rtpi                           = 0.05
   nstxout                        = 0
   nstvout                        = 0
   nstfout                        = 0
   nstlog                         = 1000
   nstcalcenergy                  = 100
   nstenergy                      = 1000
   nstxout-compressed             = 0
   compressed-x-precision         = 1000
   cutoff-scheme                  = Verlet
   nstlist                        = 10
   pbc                            = xyz
   periodic-molecules             = false
   verlet-buffer-tolerance        = 0.005
   rlist                          = 0.945
   coulombtype                    = PME
   coulomb-modifier               = Potential-shift
   rcoulomb-switch                = 0
   rcoulomb                       = 0.9
   epsilon-r                      = 1
   epsilon-rf                     = inf
   vdw-type                       = Cut-off
   vdw-modifier                   = None
   rvdw-switch                    = 0
   rvdw                           = 0.9
   DispCorr                       = EnerPres
   table-extension                = 1
   fourierspacing                 = 0.12
   fourier-nx                     = 36
   fourier-ny                     = 36
   fourier-nz                     = 36
   pme-order                      = 4
   ewald-rtol                     = 1e-05
   ewald-rtol-lj                  = 0.001
   lj-pme-comb-rule               = Geometric
   ewald-geometry                 = 0
   epsilon-surface                = 0
   tcoupl                         = No
   nsttcouple                     = -1
   nh-chain-length                = 0
   print-nose-hoover-chain-variables = false
   pcoupl                         = No
   pcoupltype                     = Isotropic
   nstpcouple                     = -1
   tau-p                          = 1
   compressibility (3x3):
      compressibility[    0]={ 0.00000e+00,  0.00000e+00,  0.00000e+00}
      compressibility[    1]={ 0.00000e+00,  0.00000e+00,  0.00000e+00}
      compressibility[    2]={ 0.00000e+00,  0.00000e+00,  0.00000e+00}
   ref-p (3x3):
      ref-p[    0]={ 0.00000e+00,  0.00000e+00,  0.00000e+00}
      ref-p[    1]={ 0.00000e+00,  0.00000e+00,  0.00000e+00}
      ref-p[    2]={ 0.00000e+00,  0.00000e+00,  0.00000e+00}
   refcoord-scaling               = No
   posres-com (3):
      posres-com[0]= 0.00000e+00
      posres-com[1]= 0.00000e+00
      posres-com[2]= 0.00000e+00
   posres-comB (3):
      posres-comB[0]= 0.00000e+00
      posres-comB[1]= 0.00000e+00
      posres-comB[2]= 0.00000e+00
   QMMM                           = false
   QMconstraints                  = 0
   QMMMscheme                     = 0
   MMChargeScaleFactor            = 1
qm-opts:
   ngQM                           = 0
   constraint-algorithm           = Lincs
   continuation                   = false
   Shake-SOR                      = false
   shake-tol                      = 0.0001
   lincs-order                    = 4
   lincs-iter                     = 1
   lincs-warnangle                = 30
   nwall                          = 0
   wall-type                      = 9-3
   wall-r-linpot                  = -1
   wall-atomtype[0]               = -1
   wall-atomtype[1]               = -1
   wall-density[0]                = 0
   wall-density[1]                = 0
   wall-ewald-zfac                = 3
   pull                           = false
   awh                            = false
   rotation                       = false
   interactiveMD                  = false
   disre                          = No
   disre-weighting                = Conservative
   disre-mixed                    = false
   dr-fc                          = 1000
   dr-tau                         = 0
   nstdisreout                    = 100
   orire-fc                       = 0
   orire-tau                      = 0
   nstorireout                    = 100
   free-energy                    = no
   cos-acceleration               = 0
   deform (3x3):
      deform[    0]={ 0.00000e+00,  0.00000e+00,  0.00000e+00}
      deform[    1]={ 0.00000e+00,  0.00000e+00,  0.00000e+00}
      deform[    2]={ 0.00000e+00,  0.00000e+00,  0.00000e+00}
   simulated-tempering            = false
   swapcoords                     = no
   userint1                       = 0
   userint2                       = 0
   userint3                       = 0
   userint4                       = 0
   userreal1                      = 0
   userreal2                      = 0
   userreal3                      = 0
   userreal4                      = 0
   applied-forces:
     electric-field:
       x:
         E0                       = 0
         omega                    = 0
         t0                       = 0
         sigma                    = 0
       y:
         E0                       = 0
         omega                    = 0
         t0                       = 0
         sigma                    = 0
       z:
         E0                       = 0
         omega                    = 0
         t0                       = 0
         sigma                    = 0
     density-guided-simulation:
       active                     = false
       group                      = protein
       similarity-measure         = inner-product
       atom-spreading-weight      = unity
       force-constant             = 1e+09
       gaussian-transform-spreading-width = 0.2
       gaussian-transform-spreading-range-in-multiples-of-width = 4
       reference-density-filename = reference.mrc
       nst                        = 1
       normalize-densities        = true
       adaptive-force-scaling     = false
       adaptive-force-scaling-time-constant = 4
grpopts:
   nrdf:       13979
   ref-t:           0
   tau-t:           0
annealing:          No
annealing-npoints:           0
   acc:	           0           0           0
   nfreeze:           N           N           N
   energygrp-flags[  0]: 0


Initializing Domain Decomposition on 32 ranks
NOTE: disabling dynamic load balancing as it is only supported with dynamics, not with integrator 'steep'.
Dynamic load balancing: off
Using update groups, nr 2365, average size 3.9 atoms, max. radius 0.136 nm
Minimum cell size due to atom displacement: 0.045 nm
Initial maximum distances in bonded interactions:
    two-body bonded interactions: 0.393 nm, LJ-14, atoms 104 114
  multi-body bonded interactions: 0.403 nm, CMAP Dih., atoms 243 259
Minimum cell size due to bonded interactions: 0.443 nm
Guess for relative PME load: 0.28
Will use 20 particle-particle and 12 PME only ranks
This is a guess, check the performance at the end of the log file
Using 12 separate PME ranks, as guessed by mdrun
Optimizing the DD grid for 20 cells with a minimum initial size of 0.443 nm
The maximum allowed number of cells is: X 9 Y 9 Z 9
Domain decomposition grid 4 x 5 x 1, separate PME ranks 12
PME domain decomposition: 4 x 3 x 1
Interleaving PP and PME ranks
This rank does only particle-particle work.
Domain decomposition rank 0, coordinates 0 0 0

The initial number of communication pulses is: X 2 Y 2
The initial domain decomposition cell size is: X 1.05 nm Y 0.84 nm

The maximum allowed distance for atom groups involved in interactions is:
                 non-bonded interactions           1.217 nm
            two-body bonded interactions  (-rdd)   1.217 nm
          multi-body bonded interactions  (-rdd)   0.840 nm

Using 32 MPI processes

Non-default thread affinity set, disabling internal thread affinity
System total charge: 0.000
Will do PME sum in reciprocal space for electrostatic interactions.

++++ PLEASE READ AND CITE THE FOLLOWING REFERENCE ++++
U. Essmann, L. Perera, M. L. Berkowitz, T. Darden, H. Lee and L. G. Pedersen 
A smooth particle mesh Ewald method
J. Chem. Phys. 103 (1995) pp. 8577-8592
-------- -------- --- Thank You --- -------- --------

Using a Gaussian width (1/beta) of 0.288146 nm for Ewald
Potential shift: LJ r^-12: 0.000e+00 r^-6: 0.000e+00, Ewald -1.111e-05
Initialized non-bonded Ewald tables, spacing: 8.85e-04 size: 1018

Generated table with 972 data points for 1-4 COUL.
Tabscale = 500 points/nm
Generated table with 972 data points for 1-4 LJ6.
Tabscale = 500 points/nm
Generated table with 972 data points for 1-4 LJ12.
Tabscale = 500 points/nm

Using SIMD 4x8 nonbonded short-range kernels

Using a 4x8 pair-list setup:
  updated every 10 steps, buffer 0.045 nm, rlist 0.945 nm

Using Lorentz-Berthelot Lennard-Jones combination rule

Long Range LJ corr.: <C6> 2.4469e-04

Removing pbc first time

Initializing LINear Constraint Solver

++++ PLEASE READ AND CITE THE FOLLOWING REFERENCE ++++
B. Hess and H. Bekker and H. J. C. Berendsen and J. G. E. M. Fraaije
LINCS: A Linear Constraint Solver for molecular simulations
J. Comp. Chem. 18 (1997) pp. 1463-1472
-------- -------- --- Thank You --- -------- --------

The number of constraints is 136

++++ PLEASE READ AND CITE THE FOLLOWING REFERENCE ++++
S. Miyamoto and P. A. Kollman
SETTLE: An Analytical Version of the SHAKE and RATTLE Algorithms for Rigid
Water Models
J. Comp. Chem. 13 (1992) pp. 952-962
-------- -------- --- Thank You --- -------- --------


Linking all bonded interactions to atoms


Note that activating steepest-descent energy minimization via the integrator .mdp option and the command gmx mdrun may be available in a different form in a future version of GROMACS, e.g. gmx minimize and an .mdp option.
Initiating Steepest Descents

Atom distribution over 20 domains: av 455 stddev 34 min 409 max 488
Started Steepest Descents on rank 0 Thu Oct  5 16:20:54 2023


Steepest Descents:
   Tolerance (Fmax)   =  1.00000e+03
   Number of steps    =         5000
           Step           Time
              0        0.00000

   Energies (kJ/mol)
           Bond            U-B    Proper Dih.  Improper Dih.      CMAP Dih.
    3.73132e+01    1.84343e+02    4.43010e+02    7.78272e+00    8.69171e+01
          LJ-14     Coulomb-14        LJ (SR)  Disper. corr.   Coulomb (SR)
    2.45843e+02    4.22828e+03    2.62638e+04   -7.88517e+02   -1.58242e+05
   Coul. recip. Position Rest.      Potential Pres. DC (bar) Pressure (bar)
    1.37560e+03    4.14003e-04   -1.26158e+05    0.00000e+00    3.14389e+04
   Constr. rmsd
    0.00000e+00


DD  step 0 load imb.: force 20.9%  pme mesh/force 2.801
           Step           Time
              1        1.00000

   Energies (kJ/mol)
           Bond            U-B    Proper Dih.  Improper Dih.      CMAP Dih.
    5.16554e+01    1.54253e+02    4.42701e+02    6.79778e+00    8.56817e+01
          LJ-14     Coulomb-14        LJ (SR)  Disper. corr.   Coulomb (SR)
    2.44892e+02    4.22477e+03    2.57080e+04   -7.88517e+02   -1.58116e+05
   Coul. recip. Position Rest.      Potential Pres. DC (bar) Pressure (bar)
    1.36057e+03    2.61307e-02   -1.26625e+05    0.00000e+00    3.09432e+04
   Constr. rmsd
    0.00000e+00

           Step           Time
              2        2.00000

           Step           Time
              3        3.00000

   Energies (kJ/mol)
           Bond            U-B    Proper Dih.  Improper Dih.      CMAP Dih.
    1.47179e+02    1.55689e+02    4.42460e+02    7.27069e+00    8.58048e+01
          LJ-14     Coulomb-14        LJ (SR)  Disper. corr.   Coulomb (SR)
    2.45766e+02    4.22268e+03    2.52276e+04   -7.88517e+02   -1.57964e+05
   Coul. recip. Position Rest.      Potential Pres. DC (bar) Pressure (bar)
    1.35107e+03    4.75928e-02   -1.26867e+05    0.00000e+00    3.05210e+04
   Constr. rmsd
    0.00000e+00

           Step           Time
              4        4.00000

   Energies (kJ/mol)
           Bond            U-B    Proper Dih.  Improper Dih.      CMAP Dih.
    7.55338e+01    1.51526e+02    4.43380e+02    7.04618e+00    8.53111e+01
          LJ-14     Coulomb-14        LJ (SR)  Disper. corr.   Coulomb (SR)
    2.42685e+02    4.22097e+03    2.50785e+04   -7.88517e+02   -1.57921e+05
   Coul. recip. Position Rest.      Potential Pres. DC (bar) Pressure (bar)
    1.34520e+03    5.08435e-02   -1.27059e+05    0.00000e+00    3.03366e+04
   Constr. rmsd
    0.00000e+00

           Step           Time
              5        5.00000

   Energies (kJ/mol)
           Bond            U-B    Proper Dih.  Improper Dih.      CMAP Dih.
    1.10539e+02    1.42823e+02    4.41911e+02    7.49913e+00    8.49399e+01
          LJ-14     Coulomb-14        LJ (SR)  Disper. corr.   Coulomb (SR)
    2.44982e+02    4.22019e+03    2.48909e+04   -7.88517e+02   -1.57854e+05
   Coul. recip. Position Rest.      Potential Pres. DC (bar) Pressure (bar)
    1.34490e+03    4.92562e-02   -1.27153e+05    0.00000e+00    3.01800e+04
   Constr. rmsd
    0.00000e+00

           Step           Time
              6        6.00000

   Energies (kJ/mol)
           Bond            U-B    Proper Dih.  Improper Dih.      CMAP Dih.
    8.55611e+01    1.48282e+02    4.43647e+02    7.22673e+00    8.50771e+01
          LJ-14     Coulomb-14        LJ (SR)  Disper. corr.   Coulomb (SR)
    2.41948e+02    4.21871e+03    2.47649e+04   -7.88517e+02   -1.57813e+05
   Coul. recip. Position Rest.      Potential Pres. DC (bar) Pressure (bar)
    1.33879e+03    5.75851e-02   -1.27267e+05    0.00000e+00    3.00326e+04
   Constr. rmsd
    0.00000e+00

           Step           Time
              7        7.00000

   Energies (kJ/mol)
           Bond            U-B    Proper Dih.  Improper Dih.      CMAP Dih.
    1.30181e+02    1.43252e+02    4.41331e+02    7.76805e+00    8.45523e+01
          LJ-14     Coulomb-14        LJ (SR)  Disper. corr.   Coulomb (SR)
    2.44278e+02    4.21775e+03    2.46185e+04   -7.88517e+02   -1.57759e+05
   Coul. recip. Position Rest.      Potential Pres. DC (bar) Pressure (bar)
    1.34064e+03    5.82149e-02   -1.27319e+05    0.00000e+00    2.98993e+04
   Constr. rmsd
    0.00000e+00

           Step           Time
              8        8.00000

   Energies (kJ/mol)
           Bond            U-B    Proper Dih.  Improper Dih.      CMAP Dih.
    1.25341e+02    1.50118e+02    4.44053e+02    7.38867e+00    8.48125e+01
          LJ-14     Coulomb-14        LJ (SR)  Disper. corr.   Coulomb (SR)
    2.41362e+02    4.21680e+03    2.45093e+04   -7.88517e+02   -1.57722e+05
   Coul. recip. Position Rest.      Potential Pres. DC (bar) Pressure (bar)
    1.33398e+03    6.73067e-02   -1.27398e+05    0.00000e+00    2.97747e+04
   Constr. rmsd
    0.00000e+00

           Step           Time
              9        9.00000

   Energies (kJ/mol)
           Bond            U-B    Proper Dih.  Improper Dih.      CMAP Dih.
    1.98989e+02    1.49428e+02    4.40613e+02    8.12027e+00    8.42704e+01
          LJ-14     Coulomb-14        LJ (SR)  Disper. corr.   Coulomb (SR)
    2.43795e+02    4.21568e+03    2.43899e+04   -7.88517e+02   -1.57679e+05
   Coul. recip. Position Rest.      Potential Pres. DC (bar) Pressure (bar)
    1.33803e+03    7.08803e-02   -1.27399e+05    0.00000e+00    2.96569e+04
   Constr. rmsd
    0.00000e+00

           Step           Time
             10       10.00000

   Energies (kJ/mol)
           Bond            U-B    Proper Dih.  Improper Dih.      CMAP Dih.
    2.22613e+02    1.58687e+02    4.44696e+02    7.53557e+00    8.45564e+01
          LJ-14     Coulomb-14        LJ (SR)  Disper. corr.   Coulomb (SR)
    2.40830e+02    4.21504e+03    2.42938e+04   -7.88517e+02   -1.57645e+05
   Coul. recip. Position Rest.      Potential Pres. DC (bar) Pressure (bar)
    1.33006e+03    8.08612e-02   -1.27436e+05    0.00000e+00    2.95449e+04
   Constr. rmsd
    0.00000e+00

           Step           Time
             11       11.00000

           Step           Time
             12       12.00000

   Energies (kJ/mol)
           Bond            U-B    Proper Dih.  Improper Dih.      CMAP Dih.
    3.75363e+01    1.38319e+02    4.42117e+02    7.96071e+00    8.42869e+01
          LJ-14     Coulomb-14        LJ (SR)  Disper. corr.   Coulomb (SR)
    2.41998e+02    4.21462e+03    2.42431e+04   -7.88517e+02   -1.57627e+05
   Coul. recip. Position Rest.      Potential Pres. DC (bar) Pressure (bar)
    1.33256e+03    6.76463e-02   -1.27673e+05    0.00000e+00    2.95311e+04
   Constr. rmsd
    0.00000e+00

           Step           Time
             13       13.00000

           Step           Time
             14       14.00000

   Energies (kJ/mol)
           Bond            U-B    Proper Dih.  Improper Dih.      CMAP Dih.
    9.27756e+01    1.41760e+02    4.43623e+02    7.89689e+00    8.40877e+01
          LJ-14     Coulomb-14        LJ (SR)  Disper. corr.   Coulomb (SR)
    2.41163e+02    4.21268e+03    2.40577e+04   -7.88517e+02   -1.57558e+05
   Coul. recip. Position Rest.      Potential Pres. DC (bar) Pressure (bar)
    1.32746e+03    8.01156e-02   -1.27737e+05    0.00000e+00    2.93389e+04
   Constr. rmsd
    0.00000e+00

           Step           Time
             15       15.00000

   Energies (kJ/mol)
           Bond            U-B    Proper Dih.  Improper Dih.      CMAP Dih.
    5.21076e+01    1.38794e+02    4.41637e+02    8.24772e+00    8.39844e+01
          LJ-14     Coulomb-14        LJ (SR)  Disper. corr.   Coulomb (SR)
    2.41541e+02    4.21256e+03    2.40013e+04   -7.88517e+02   -1.57540e+05
   Coul. recip. Position Rest.      Potential Pres. DC (bar) Pressure (bar)
    1.32957e+03    8.07812e-02   -1.27818e+05    0.00000e+00    2.92834e+04
   Constr. rmsd
    0.00000e+00

           Step           Time
             16       16.00000

           Step           Time
             17       17.00000

   Energies (kJ/mol)
           Bond            U-B    Proper Dih.  Improper Dih.      CMAP Dih.
    4.31304e+01    1.37923e+02    4.42786e+02    8.11265e+00    8.39215e+01
          LJ-14     Coulomb-14        LJ (SR)  Disper. corr.   Coulomb (SR)
    2.41068e+02    4.21175e+03    2.39420e+04   -7.88517e+02   -1.57518e+05
   Coul. recip. Position Rest.      Potential Pres. DC (bar) Pressure (bar)
    1.32683e+03    8.30028e-02   -1.27869e+05    0.00000e+00    2.92271e+04
   Constr. rmsd
    0.00000e+00

           Step           Time
             18       18.00000

   Energies (kJ/mol)
           Bond            U-B    Proper Dih.  Improper Dih.      CMAP Dih.
    6.95126e+01    1.40268e+02    4.41248e+02    8.43245e+00    8.37823e+01
          LJ-14     Coulomb-14        LJ (SR)  Disper. corr.   Coulomb (SR)
    2.41255e+02    4.21131e+03    2.38429e+04   -7.88517e+02   -1.57484e+05
   Coul. recip. Position Rest.      Potential Pres. DC (bar) Pressure (bar)
    1.32786e+03    9.10445e-02   -1.27906e+05    0.00000e+00    2.91219e+04
   Constr. rmsd
    0.00000e+00

           Step           Time
             19       19.00000

   Energies (kJ/mol)
           Bond            U-B    Proper Dih.  Improper Dih.      CMAP Dih.
    6.01890e+01    1.39585e+02    4.42986e+02    8.22586e+00    8.37154e+01
          LJ-14     Coulomb-14        LJ (SR)  Disper. corr.   Coulomb (SR)
    2.40632e+02    4.21018e+03    2.37855e+04   -7.88517e+02   -1.57464e+05
   Coul. recip. Position Rest.      Potential Pres. DC (bar) Pressure (bar)
    1.32423e+03    9.31157e-02   -1.27957e+05    0.00000e+00    2.90667e+04
   Constr. rmsd
    0.00000e+00

           Step           Time
             20       20.00000

   Energies (kJ/mol)
           Bond            U-B    Proper Dih.  Improper Dih.      CMAP Dih.
    1.05787e+02    1.43816e+02    4.40731e+02    8.63846e+00    8.36006e+01
          LJ-14     Coulomb-14        LJ (SR)  Disper. corr.   Coulomb (SR)
    2.41067e+02    4.21042e+03    2.37068e+04   -7.88517e+02   -1.57438e+05
   Coul. recip. Position Rest.      Potential Pres. DC (bar) Pressure (bar)
    1.32688e+03    1.02651e-01   -1.27959e+05    0.00000e+00    2.89789e+04
   Constr. rmsd
    0.00000e+00

           Step           Time
             21       21.00000

   Energies (kJ/mol)
           Bond            U-B    Proper Dih.  Improper Dih.      CMAP Dih.
    1.01641e+02    1.43611e+02    4.43358e+02    8.31956e+00    8.35310e+01
          LJ-14     Coulomb-14        LJ (SR)  Disper. corr.   Coulomb (SR)
    2.40217e+02    4.20866e+03    2.36512e+04   -7.88517e+02   -1.57418e+05
   Coul. recip. Position Rest.      Potential Pres. DC (bar) Pressure (bar)
    1.32186e+03    1.04746e-01   -1.28004e+05    0.00000e+00    2.89248e+04
   Constr. rmsd
    0.00000e+00

           Step           Time
             22       22.00000

           Step           Time
             23       23.00000

   Energies (kJ/mol)
           Bond            U-B    Proper Dih.  Improper Dih.      CMAP Dih.
    3.80018e+01    1.38133e+02    4.41667e+02    8.57037e+00    8.34822e+01
          LJ-14     Coulomb-14        LJ (SR)  Disper. corr.   Coulomb (SR)
    2.40518e+02    4.20932e+03    2.36178e+04   -7.88517e+02   -1.57408e+05
   Coul. recip. Position Rest.      Potential Pres. DC (bar) Pressure (bar)
    1.32385e+03    1.02702e-01   -1.28095e+05    0.00000e+00    2.89016e+04
   Constr. rmsd
    0.00000e+00

           Step           Time
             24       24.00000

           Step           Time
             25       25.00000

   Energies (kJ/mol)
           Bond            U-B    Proper Dih.  Improper Dih.      CMAP Dih.
    5.52789e+01    1.39323e+02    4.42635e+02    8.51754e+00    8.33683e+01
          LJ-14     Coulomb-14        LJ (SR)  Disper. corr.   Coulomb (SR)
    2.40074e+02    4.20778e+03    2.35370e+04   -7.88517e+02   -1.57380e+05
   Coul. recip. Position Rest.      Potential Pres. DC (bar) Pressure (bar)
    1.32104e+03    1.09187e-01   -1.28133e+05    0.00000e+00    2.88184e+04
   Constr. rmsd
    0.00000e+00

           Step           Time
             26       26.00000

   Energies (kJ/mol)
           Bond            U-B    Proper Dih.  Improper Dih.      CMAP Dih.
    4.60036e+01    1.38966e+02    4.41309e+02    8.73046e+00    8.33069e+01
          LJ-14     Coulomb-14        LJ (SR)  Disper. corr.   Coulomb (SR)
    2.40291e+02    4.20846e+03    2.34933e+04   -7.88517e+02   -1.57366e+05
   Coul. recip. Position Rest.      Potential Pres. DC (bar) Pressure (bar)
    1.32262e+03    1.12534e-01   -1.28172e+05    0.00000e+00    2.87739e+04
   Constr. rmsd
    0.00000e+00

           Step           Time
             27       27.00000

   Energies (kJ/mol)
           Bond            U-B    Proper Dih.  Improper Dih.      CMAP Dih.
    7.76809e+01    1.41474e+02    4.42821e+02    8.60323e+00    8.32089e+01
          LJ-14     Coulomb-14        LJ (SR)  Disper. corr.   Coulomb (SR)
    2.39749e+02    4.20648e+03    2.34262e+04   -7.88517e+02   -1.57344e+05
   Coul. recip. Position Rest.      Potential Pres. DC (bar) Pressure (bar)
    1.31918e+03    1.19387e-01   -1.28187e+05    0.00000e+00    2.87025e+04
   Constr. rmsd
    0.00000e+00

           Step           Time
             28       28.00000

   Energies (kJ/mol)
           Bond            U-B    Proper Dih.  Improper Dih.      CMAP Dih.
    6.62649e+01    1.41182e+02    4.40839e+02    8.89343e+00    8.31494e+01
          LJ-14     Coulomb-14        LJ (SR)  Disper. corr.   Coulomb (SR)
    2.40142e+02    4.20797e+03    2.33841e+04   -7.88517e+02   -1.57331e+05
   Coul. recip. Position Rest.      Potential Pres. DC (bar) Pressure (bar)
    1.32195e+03    1.23425e-01   -1.28225e+05    0.00000e+00    2.86602e+04
   Constr. rmsd
    0.00000e+00

           Step           Time
             29       29.00000

           Step           Time
             30       30.00000

   Energies (kJ/mol)
           Bond            U-B    Proper Dih.  Improper Dih.      CMAP Dih.
    3.83587e+01    1.38388e+02    4.41991e+02    8.77420e+00    8.31043e+01
          LJ-14     Coulomb-14        LJ (SR)  Disper. corr.   Coulomb (SR)
    2.39730e+02    4.20653e+03    2.33545e+04   -7.88517e+02   -1.57321e+05
   Coul. recip. Position Rest.      Potential Pres. DC (bar) Pressure (bar)
    1.31941e+03    1.22083e-01   -1.28279e+05    0.00000e+00    2.86362e+04
   Constr. rmsd
    0.00000e+00

           Step           Time
             31       31.00000

   Energies (kJ/mol)
           Bond            U-B    Proper Dih.  Improper Dih.      CMAP Dih.
    7.71342e+01    1.42310e+02    4.40556e+02    9.04701e+00    8.29576e+01
          LJ-14     Coulomb-14        LJ (SR)  Disper. corr.   Coulomb (SR)
    2.39894e+02    4.20716e+03    2.32540e+04   -7.88517e+02   -1.57289e+05
   Coul. recip. Position Rest.      Potential Pres. DC (bar) Pressure (bar)
    1.32052e+03    1.36202e-01   -1.28304e+05    0.00000e+00    2.85278e+04
   Constr. rmsd
    0.00000e+00

           Step           Time
             32       32.00000

   Energies (kJ/mol)
           Bond            U-B    Proper Dih.  Improper Dih.      CMAP Dih.
    5.08044e+01    1.39659e+02    4.42134e+02    8.89252e+00    8.29052e+01
          LJ-14     Coulomb-14        LJ (SR)  Disper. corr.   Coulomb (SR)
    2.39345e+02    4.20502e+03    2.32216e+04   -7.88517e+02   -1.57279e+05
   Coul. recip. Position Rest.      Potential Pres. DC (bar) Pressure (bar)
    1.31725e+03    1.34713e-01   -1.28359e+05    0.00000e+00    2.84997e+04
   Constr. rmsd
    0.00000e+00

           Step           Time
             33       33.00000

           Step           Time
             34       34.00000

   Energies (kJ/mol)
           Bond            U-B    Proper Dih.  Improper Dih.      CMAP Dih.
    3.87606e+01    1.38948e+02    4.41159e+02    9.02565e+00    8.28615e+01
          LJ-14     Coulomb-14        LJ (SR)  Disper. corr.   Coulomb (SR)
    2.39519e+02    4.20598e+03    2.31912e+04   -7.88517e+02   -1.57269e+05
   Coul. recip. Position Rest.      Potential Pres. DC (bar) Pressure (bar)
    1.31846e+03    1.37428e-01   -1.28392e+05    0.00000e+00    2.84711e+04
   Constr. rmsd
    0.00000e+00

           Step           Time
             35       35.00000

   Energies (kJ/mol)
           Bond            U-B    Proper Dih.  Improper Dih.      CMAP Dih.
    6.38019e+01    1.40872e+02    4.42202e+02    8.97450e+00    8.27616e+01
          LJ-14     Coulomb-14        LJ (SR)  Disper. corr.   Coulomb (SR)
    2.39094e+02    4.20391e+03    2.31280e+04   -7.88517e+02   -1.57249e+05
   Coul. recip. Position Rest.      Potential Pres. DC (bar) Pressure (bar)
    1.31574e+03    1.44896e-01   -1.28413e+05    0.00000e+00    2.84037e+04
   Constr. rmsd
    0.00000e+00

           Step           Time
             36       36.00000

   Energies (kJ/mol)
           Bond            U-B    Proper Dih.  Improper Dih.      CMAP Dih.
    4.47678e+01    1.39824e+02    4.40864e+02    9.14189e+00    8.27202e+01
          LJ-14     Coulomb-14        LJ (SR)  Disper. corr.   Coulomb (SR)
    2.39358e+02    4.20558e+03    2.30986e+04   -7.88517e+02   -1.57241e+05
   Coul. recip. Position Rest.      Potential Pres. DC (bar) Pressure (bar)
    1.31766e+03    1.47582e-01   -1.28451e+05    0.00000e+00    2.83765e+04
   Constr. rmsd
    0.00000e+00

           Step           Time
             37       37.00000

           Step           Time
             38       38.00000

   Energies (kJ/mol)
           Bond            U-B    Proper Dih.  Improper Dih.      CMAP Dih.
    3.89168e+01    1.38997e+02    4.41597e+02    9.09152e+00    8.26747e+01
          LJ-14     Coulomb-14        LJ (SR)  Disper. corr.   Coulomb (SR)
    2.39078e+02    4.20418e+03    2.30707e+04   -7.88517e+02   -1.57232e+05
   Coul. recip. Position Rest.      Potential Pres. DC (bar) Pressure (bar)
    1.31587e+03    1.48740e-01   -1.28479e+05    0.00000e+00    2.83501e+04
   Constr. rmsd
    0.00000e+00

           Step           Time
             39       39.00000

   Energies (kJ/mol)
           Bond            U-B    Proper Dih.  Improper Dih.      CMAP Dih.
    4.96701e+01    1.40488e+02    4.40645e+02    9.24139e+00    8.25891e+01
          LJ-14     Coulomb-14        LJ (SR)  Disper. corr.   Coulomb (SR)
    2.39204e+02    4.20517e+03    2.30140e+04   -7.88517e+02   -1.57215e+05
   Coul. recip. Position Rest.      Potential Pres. DC (bar) Pressure (bar)
    1.31679e+03    1.57463e-01   -1.28506e+05    0.00000e+00    2.82904e+04
   Constr. rmsd
    0.00000e+00

           Step           Time
             40       40.00000

   Energies (kJ/mol)
           Bond            U-B    Proper Dih.  Improper Dih.      CMAP Dih.
    4.69519e+01    1.39823e+02    4.41673e+02    9.17018e+00    8.25368e+01
          LJ-14     Coulomb-14        LJ (SR)  Disper. corr.   Coulomb (SR)
    2.38832e+02    4.20317e+03    2.29831e+04   -7.88517e+02   -1.57206e+05
   Coul. recip. Position Rest.      Potential Pres. DC (bar) Pressure (bar)
    1.31443e+03    1.58923e-01   -1.28534e+05    0.00000e+00    2.82604e+04
   Constr. rmsd
    0.00000e+00

           Step           Time
             41       41.00000

   Energies (kJ/mol)
           Bond            U-B    Proper Dih.  Improper Dih.      CMAP Dih.
    5.98443e+01    1.41714e+02    4.40378e+02    9.33479e+00    8.24746e+01
          LJ-14     Coulomb-14        LJ (SR)  Disper. corr.   Coulomb (SR)
    2.39099e+02    4.20502e+03    2.29409e+04   -7.88517e+02   -1.57193e+05
   Coul. recip. Position Rest.      Potential Pres. DC (bar) Pressure (bar)
    1.31624e+03    1.67417e-01   -1.28547e+05    0.00000e+00    2.82151e+04
   Constr. rmsd
    0.00000e+00

           Step           Time
             42       42.00000

   Energies (kJ/mol)
           Bond            U-B    Proper Dih.  Improper Dih.      CMAP Dih.
    6.38309e+01    1.41412e+02    4.41825e+02    9.23211e+00    8.24171e+01
          LJ-14     Coulomb-14        LJ (SR)  Disper. corr.   Coulomb (SR)
    2.38606e+02    4.20212e+03    2.29082e+04   -7.88517e+02   -1.57184e+05
   Coul. recip. Position Rest.      Potential Pres. DC (bar) Pressure (bar)
    1.31310e+03    1.69207e-01   -1.28571e+05    0.00000e+00    2.81824e+04
   Constr. rmsd
    0.00000e+00

           Step           Time
             43       43.00000

   Energies (kJ/mol)
           Bond            U-B    Proper Dih.  Improper Dih.      CMAP Dih.
    8.04587e+01    1.43977e+02    4.40036e+02    9.43114e+00    8.23672e+01
          LJ-14     Coulomb-14        LJ (SR)  Disper. corr.   Coulomb (SR)
    2.39036e+02    4.20512e+03    2.28728e+04   -7.88517e+02   -1.57173e+05
   Coul. recip. Position Rest.      Potential Pres. DC (bar) Pressure (bar)
    1.31599e+03    1.78791e-01   -1.28572e+05    0.00000e+00    2.81430e+04
   Constr. rmsd
    0.00000e+00

           Step           Time
             44       44.00000

   Energies (kJ/mol)
           Bond            U-B    Proper Dih.  Improper Dih.      CMAP Dih.
    9.85742e+01    1.44584e+02    4.42078e+02    9.28479e+00    8.23046e+01
          LJ-14     Coulomb-14        LJ (SR)  Disper. corr.   Coulomb (SR)
    2.38381e+02    4.20091e+03    2.28391e+04   -7.88517e+02   -1.57163e+05
   Coul. recip. Position Rest.      Potential Pres. DC (bar) Pressure (bar)
    1.31176e+03    1.81275e-01   -1.28585e+05    0.00000e+00    2.81073e+04
   Constr. rmsd
    0.00000e+00

           Step           Time
             45       45.00000

           Step           Time
             46       46.00000

   Energies (kJ/mol)
           Bond            U-B    Proper Dih.  Improper Dih.      CMAP Dih.
    3.53785e+01    1.39628e+02    4.40814e+02    9.40186e+00    8.22844e+01
          LJ-14     Coulomb-14        LJ (SR)  Disper. corr.   Coulomb (SR)
    2.38624e+02    4.20324e+03    2.28231e+04   -7.88517e+02   -1.57159e+05
   Coul. recip. Position Rest.      Potential Pres. DC (bar) Pressure (bar)
    1.31364e+03    1.78183e-01   -1.28661e+05    0.00000e+00    2.81013e+04
   Constr. rmsd
    0.00000e+00


Steepest Descents converged to Fmax < 1000 in 47 steps
Potential Energy  = -1.2866095e+05
Maximum force     =  9.7905133e+02 on atom 10
Norm of force     =  4.6513902e+01

    D O M A I N   D E C O M P O S I T I O N   S T A T I S T I C S

 av. #atoms communicated per step for force:  2 x 30694.0

Finished mdrun on rank 0 Thu Oct  5 16:20:54 2023

