                      :-) GROMACS - gmx grompp, 2018.3 (-:

                            GROMACS is written by:
     Emile Apol      Rossen Apostolov      Paul Bauer     Herman J.C. Berendsen
    Par Bjelkmar    Aldert van Buuren   Rudi van Drunen     Anton Feenstra  
  Gerrit Groenhof    Aleksei Iupinov   Christoph Junghans   Anca Hamuraru   
 Vincent Hindriksen Dimitrios Karkoulis    Peter Kasson        Jiri Kraus    
  Carsten Kutzner      Per Larsson      Justin A. Lemkul    Viveca Lindahl  
  Magnus Lundborg   Pieter Meulenhoff    Erik Marklund      Teemu Murtola   
    Szilard Pall       Sander Pronk      Roland Schulz     Alexey Shvetsov  
   Michael Shirts     Alfons Sijbers     Peter Tieleman    Teemu Virolainen 
 Christian Wennberg    Maarten Wolf   
                           and the project leaders:
        Mark Abraham, Berk Hess, Erik Lindahl, and David van der Spoel

Copyright (c) 1991-2000, University of Groningen, The Netherlands.
Copyright (c) 2001-2017, The GROMACS development team at
Uppsala University, Stockholm University and
the Royal Institute of Technology, Sweden.
check out http://www.gromacs.org for more information.

GROMACS is free software; you can redistribute it and/or modify it
under the terms of the GNU Lesser General Public License
as published by the Free Software Foundation; either version 2.1
of the License, or (at your option) any later version.

GROMACS:      gmx grompp, version 2018.3
Executable:   /share/apps/gromacs/2018.3/openmpi/intel/bin/gmx_mpi
Data prefix:  /share/apps/gromacs/2018.3/openmpi/intel
Working dir:  /home/yk3019/comp-lab-class-2023/Week5
Command line:
  gmx_mpi grompp -f adp_T300.mdp -c adp.gro -p adp.top -o T300.tpr -maxwarn 1

Replacing old mdp entry 'nstxtcout' by 'nstxout-compressed'
Replacing old mdp entry 'xtc-grps' by 'compressed-x-grps'
Replacing old mdp entry 'xtc-precision' by 'compressed-x-precision'

NOTE 1 [file adp_T300.mdp]:
  The group cutoff scheme is deprecated since GROMACS 5.0 and will be
  removed in a future release when all interaction forms are supported for
  the verlet scheme. The verlet scheme already scales better, and it is
  compatible with GPUs and other accelerators.

Setting the LD random seed to -78251301
Generated 2211 of the 2211 non-bonded parameter combinations
Generating 1-4 interactions: fudge = 0.5
Generated 2211 of the 2211 1-4 parameter combinations
Excluding 3 bonded neighbours molecule type 'Protein_chain_X'
Velocities were taken from a Maxwell distribution at 300 K
Number of degrees of freedom in T-Coupling group System is 39.00

There was 1 note

Back Off! I just backed up T300.tpr to ./#T300.tpr.1#

GROMACS reminds you: "Do the Dog On the Ground" (Red Hot Chili Peppers)

turning all bonds into constraints...
Analysing residue names:
There are:     3    Protein residues
Analysing Protein...
This run will generate roughly 3 Mb of data
                      :-) GROMACS - gmx grompp, 2018.3 (-:

                            GROMACS is written by:
     Emile Apol      Rossen Apostolov      Paul Bauer     Herman J.C. Berendsen
    Par Bjelkmar    Aldert van Buuren   Rudi van Drunen     Anton Feenstra  
  Gerrit Groenhof    Aleksei Iupinov   Christoph Junghans   Anca Hamuraru   
 Vincent Hindriksen Dimitrios Karkoulis    Peter Kasson        Jiri Kraus    
  Carsten Kutzner      Per Larsson      Justin A. Lemkul    Viveca Lindahl  
  Magnus Lundborg   Pieter Meulenhoff    Erik Marklund      Teemu Murtola   
    Szilard Pall       Sander Pronk      Roland Schulz     Alexey Shvetsov  
   Michael Shirts     Alfons Sijbers     Peter Tieleman    Teemu Virolainen 
 Christian Wennberg    Maarten Wolf   
                           and the project leaders:
        Mark Abraham, Berk Hess, Erik Lindahl, and David van der Spoel

Copyright (c) 1991-2000, University of Groningen, The Netherlands.
Copyright (c) 2001-2017, The GROMACS development team at
Uppsala University, Stockholm University and
the Royal Institute of Technology, Sweden.
check out http://www.gromacs.org for more information.

GROMACS is free software; you can redistribute it and/or modify it
under the terms of the GNU Lesser General Public License
as published by the Free Software Foundation; either version 2.1
of the License, or (at your option) any later version.

GROMACS:      gmx grompp, version 2018.3
Executable:   /share/apps/gromacs/2018.3/openmpi/intel/bin/gmx_mpi
Data prefix:  /share/apps/gromacs/2018.3/openmpi/intel
Working dir:  /home/yk3019/comp-lab-class-2023/Week5
Command line:
  gmx_mpi grompp -f adp_T363.mdp -c adp.gro -p adp.top -o T363.tpr -maxwarn 1

Replacing old mdp entry 'nstxtcout' by 'nstxout-compressed'
Replacing old mdp entry 'xtc-grps' by 'compressed-x-grps'
Replacing old mdp entry 'xtc-precision' by 'compressed-x-precision'

NOTE 1 [file adp_T363.mdp]:
  The group cutoff scheme is deprecated since GROMACS 5.0 and will be
  removed in a future release when all interaction forms are supported for
  the verlet scheme. The verlet scheme already scales better, and it is
  compatible with GPUs and other accelerators.

Setting the LD random seed to 1464433660
Generated 2211 of the 2211 non-bonded parameter combinations
Generating 1-4 interactions: fudge = 0.5
Generated 2211 of the 2211 1-4 parameter combinations
Excluding 3 bonded neighbours molecule type 'Protein_chain_X'
Velocities were taken from a Maxwell distribution at 363 K
Number of degrees of freedom in T-Coupling group System is 39.00

There was 1 note

Back Off! I just backed up T363.tpr to ./#T363.tpr.1#

GROMACS reminds you: "... and that dream of dreams, a computational model that predicts everything accurately." (Roald Hoffmann)

turning all bonds into constraints...
Analysing residue names:
There are:     3    Protein residues
Analysing Protein...
This run will generate roughly 3 Mb of data
                      :-) GROMACS - gmx grompp, 2018.3 (-:

                            GROMACS is written by:
     Emile Apol      Rossen Apostolov      Paul Bauer     Herman J.C. Berendsen
    Par Bjelkmar    Aldert van Buuren   Rudi van Drunen     Anton Feenstra  
  Gerrit Groenhof    Aleksei Iupinov   Christoph Junghans   Anca Hamuraru   
 Vincent Hindriksen Dimitrios Karkoulis    Peter Kasson        Jiri Kraus    
  Carsten Kutzner      Per Larsson      Justin A. Lemkul    Viveca Lindahl  
  Magnus Lundborg   Pieter Meulenhoff    Erik Marklund      Teemu Murtola   
    Szilard Pall       Sander Pronk      Roland Schulz     Alexey Shvetsov  
   Michael Shirts     Alfons Sijbers     Peter Tieleman    Teemu Virolainen 
 Christian Wennberg    Maarten Wolf   
                           and the project leaders:
        Mark Abraham, Berk Hess, Erik Lindahl, and David van der Spoel

Copyright (c) 1991-2000, University of Groningen, The Netherlands.
Copyright (c) 2001-2017, The GROMACS development team at
Uppsala University, Stockholm University and
the Royal Institute of Technology, Sweden.
check out http://www.gromacs.org for more information.

GROMACS is free software; you can redistribute it and/or modify it
under the terms of the GNU Lesser General Public License
as published by the Free Software Foundation; either version 2.1
of the License, or (at your option) any later version.

GROMACS:      gmx grompp, version 2018.3
Executable:   /share/apps/gromacs/2018.3/openmpi/intel/bin/gmx_mpi
Data prefix:  /share/apps/gromacs/2018.3/openmpi/intel
Working dir:  /home/yk3019/comp-lab-class-2023/Week5
Command line:
  gmx_mpi grompp -f adp_T400.mdp -c adp.gro -p adp.top -o T400.tpr -maxwarn 1

Replacing old mdp entry 'nstxtcout' by 'nstxout-compressed'
Replacing old mdp entry 'xtc-grps' by 'compressed-x-grps'
Replacing old mdp entry 'xtc-precision' by 'compressed-x-precision'

NOTE 1 [file adp_T400.mdp]:
  The group cutoff scheme is deprecated since GROMACS 5.0 and will be
  removed in a future release when all interaction forms are supported for
  the verlet scheme. The verlet scheme already scales better, and it is
  compatible with GPUs and other accelerators.

Setting the LD random seed to -573796847
Generated 2211 of the 2211 non-bonded parameter combinations
Generating 1-4 interactions: fudge = 0.5
Generated 2211 of the 2211 1-4 parameter combinations
Excluding 3 bonded neighbours molecule type 'Protein_chain_X'
Velocities were taken from a Maxwell distribution at 400 K
Number of degrees of freedom in T-Coupling group System is 39.00

There was 1 note

Back Off! I just backed up T400.tpr to ./#T400.tpr.1#

GROMACS reminds you: "We Can Dance Like Iggy Pop" (Red Hot Chili Peppers)

turning all bonds into constraints...
Analysing residue names:
There are:     3    Protein residues
Analysing Protein...
This run will generate roughly 3 Mb of data
                      :-) GROMACS - gmx mdrun, 2018.3 (-:

                            GROMACS is written by:
     Emile Apol      Rossen Apostolov      Paul Bauer     Herman J.C. Berendsen
    Par Bjelkmar    Aldert van Buuren   Rudi van Drunen     Anton Feenstra  
  Gerrit Groenhof    Aleksei Iupinov   Christoph Junghans   Anca Hamuraru   
 Vincent Hindriksen Dimitrios Karkoulis    Peter Kasson        Jiri Kraus    
  Carsten Kutzner      Per Larsson      Justin A. Lemkul    Viveca Lindahl  
  Magnus Lundborg   Pieter Meulenhoff    Erik Marklund      Teemu Murtola   
    Szilard Pall       Sander Pronk      Roland Schulz     Alexey Shvetsov  
   Michael Shirts     Alfons Sijbers     Peter Tieleman    Teemu Virolainen 
 Christian Wennberg    Maarten Wolf   
                           and the project leaders:
        Mark Abraham, Berk Hess, Erik Lindahl, and David van der Spoel

Copyright (c) 1991-2000, University of Groningen, The Netherlands.
Copyright (c) 2001-2017, The GROMACS development team at
Uppsala University, Stockholm University and
the Royal Institute of Technology, Sweden.
check out http://www.gromacs.org for more information.

GROMACS is free software; you can redistribute it and/or modify it
under the terms of the GNU Lesser General Public License
as published by the Free Software Foundation; either version 2.1
of the License, or (at your option) any later version.

GROMACS:      gmx mdrun, version 2018.3
Executable:   /share/apps/gromacs/2018.3/openmpi/intel/bin/gmx_mpi
Data prefix:  /share/apps/gromacs/2018.3/openmpi/intel
Working dir:  /home/yk3019/comp-lab-class-2023/Week5
Command line:
  gmx_mpi mdrun -s adp -multidir T300/ T363/ T440/ -deffnm adp_exchange3temps -replex 50


-------------------------------------------------------
Program:     gmx mdrun, version 2018.3
Source file: src/gromacs/utility/futil.cpp (line 806)
MPI rank:    2 (out of 3)

Fatal error:
Cannot change directory to 'T440/'. Reason: No such file or directory

For more information and tips for troubleshooting, please check the GROMACS
website at http://www.gromacs.org/Documentation/Errors
-------------------------------------------------------

-------------------------------------------------------
Program:     gmx mdrun, version 2018.3
Source file: src/gromacs/utility/futil.cpp (line 806)
MPI rank:    1 (out of 3)

Fatal error:
Cannot change directory to 'T363/'. Reason: No such file or directory

For more information and tips for troubleshooting, please check the GROMACS
website at http://www.gromacs.org/Documentation/Errors
-------------------------------------------------------

-------------------------------------------------------
Program:     gmx mdrun, version 2018.3
Source file: src/gromacs/utility/futil.cpp (line 806)
MPI rank:    0 (out of 3)

Fatal error:
Cannot change directory to 'T300/'. Reason: No such file or directory

For more information and tips for troubleshooting, please check the GROMACS
website at http://www.gromacs.org/Documentation/Errors
-------------------------------------------------------
--------------------------------------------------------------------------
MPI_ABORT was invoked on rank 2 in communicator MPI_COMM_WORLD
with errorcode 1.

NOTE: invoking MPI_ABORT causes Open MPI to kill all MPI processes.
You may or may not see output from other processes, depending on
exactly when Open MPI kills them.
--------------------------------------------------------------------------
[cs012.hpc.nyu.edu:1734872] 2 more processes have sent help message help-mpi-api.txt / mpi-abort
[cs012.hpc.nyu.edu:1734872] Set MCA parameter "orte_base_help_aggregate" to 0 to see all help / error messages
